Arguments: 
  C:\Program Files\nodejs\node.exe C:\Users\danielmlc\AppData\Roaming\npm\node_modules\yarn\bin\yarn.js add koa-body

PATH: 
  C:\Windows\system32;C:\Windows;C:\Windows\System32\Wbem;C:\Windows\System32\WindowsPowerShell\v1.0\;D:\Program Files (x86)\Microsoft SQL Server\100\Tools\Binn\;D:\Program Files (x86)\Microsoft SQL Server\100\DTS\Binn\;D:\Program Files (x86)\Microsoft SQL Server\100\Tools\Binn\VSShell\Common7\IDE\;C:\Program Files (x86)\Microsoft Visual Studio 9.0\Common7\IDE\PrivateAssemblies\;C:\Program Files\dotnet\;C:\Program Files\Microsoft SQL Server\130\Tools\Binn\;C:\Program Files\Git\cmd;C:\Program Files\nodejs\;C:\Program Files\TortoiseGit\bin;;C:\Users\danielmlc\AppData\Local\Programs\Microsoft VS Code\bin;C:\Users\danielmlc\AppData\Roaming\npm

Yarn version: 
  1.13.0

Node version: 
  10.14.2

Platform: 
  win32 x64

Trace: 
  Error: ENOENT: no such file or directory, copyfile 'C:\Users\danielmlc\AppData\Local\Yarn\Cache\v4\npm-bytes-2.4.0-7d97196f9d5baf7f6935e25985549edd2a6c2339\node_modules\bytes\package.json' -> 'E:\实验项目\koa\koa-cli\node_modules\co-body\node_modules\bytes\package.json'

npm manifest: 
  {
    "name": "koa-cli",
    "version": "0.1.0",
    "private": true,
    "scripts": {
      "start": "node bin/www",
      "dev": "./node_modules/.bin/nodemon bin/www",
      "prd": "pm2 start bin/www",
      "test": "echo \"Error: no test specified\" && exit 1"
    },
    "dependencies": {
      "axios": "^0.18.0",
      "debug": "^2.6.3",
      "koa": "^2.2.0",
      "koa-bodyparser": "^3.2.0",
      "koa-convert": "^1.2.0",
      "koa-json": "^2.0.2",
      "koa-logger": "^2.0.1",
      "koa-onerror": "^1.2.1",
      "koa-router": "^7.1.1",
      "koa-static": "^3.0.0",
      "koa-views": "^5.2.1",
      "mysql2": "^1.6.4",
      "pug": "^2.0.0-rc.1",
      "sequelize": "^4.42.0"
    },
    "devDependencies": {
      "nodemon": "^1.8.1"
    }
  }

yarn manifest: 
  No manifest

Lockfile: 
  No lockfile
